log started: Tue Sep  7 16:05:41 2021

Log file: ./leap.log
>> #
>> # ----- leaprc for loading the ff14SB force field
>> # ----- NOTE: this is designed for PDB format 3!
>> #    Uses frcmod.ff14SB for proteins; ff99bsc0 for DNA; ff99bsc0_chiOL3 for RNA
>> #
>> #	load atom type hybridizations
>> #
>> addAtomTypes {
>> 	{ "H"   "H" "sp3" }
>> 	{ "HO"  "H" "sp3" }
>> 	{ "HS"  "H" "sp3" }
>> 	{ "H1"  "H" "sp3" }
>> 	{ "H2"  "H" "sp3" }
>> 	{ "H3"  "H" "sp3" }
>> 	{ "H4"  "H" "sp3" }
>> 	{ "H5"  "H" "sp3" }
>> 	{ "HW"  "H" "sp3" }
>> 	{ "HC"  "H" "sp3" }
>> 	{ "HA"  "H" "sp3" }
>> 	{ "HP"  "H" "sp3" }
>> 	{ "HZ"  "H" "sp3" }
>> 	{ "OH"  "O" "sp3" }
>> 	{ "OS"  "O" "sp3" }
>> 	{ "O"   "O" "sp2" }
>> 	{ "O2"  "O" "sp2" }
>> 	{ "OP"  "O" "sp2" }
>> 	{ "OW"  "O" "sp3" }
>> 	{ "CT"  "C" "sp3" }
>> 	{ "CX"  "C" "sp3" }
>> 	{ "C8"  "C" "sp3" }
>> 	{ "2C"  "C" "sp3" }
>> 	{ "3C"  "C" "sp3" }
>> 	{ "CH"  "C" "sp3" }
>> 	{ "CS"  "C" "sp2" }
>> 	{ "C"   "C" "sp2" }
>> 	{ "CO"   "C" "sp2" }
>> 	{ "C*"  "C" "sp2" }
>> 	{ "CA"  "C" "sp2" }
>> 	{ "CB"  "C" "sp2" }
>> 	{ "CC"  "C" "sp2" }
>> 	{ "CN"  "C" "sp2" }
>> 	{ "CM"  "C" "sp2" }
>> 	{ "CK"  "C" "sp2" }
>> 	{ "CQ"  "C" "sp2" }
>> 	{ "CD"  "C" "sp2" }
>> 	{ "C5"  "C" "sp2" }
>> 	{ "C4"  "C" "sp2" }
>> 	{ "CP"  "C" "sp2" }
>> 	{ "CI"  "C" "sp3" }
>> 	{ "CJ"  "C" "sp2" }
>> 	{ "CW"  "C" "sp2" }
>> 	{ "CV"  "C" "sp2" }
>> 	{ "CR"  "C" "sp2" }
>> 	{ "CA"  "C" "sp2" }
>> 	{ "CY"  "C" "sp2" }
>> 	{ "C0"  "Ca" "sp3" }
>> 	{ "MG"  "Mg" "sp3" }
>> 	{ "N"   "N" "sp2" }
>> 	{ "NA"  "N" "sp2" }
>> 	{ "N2"  "N" "sp2" }
>> 	{ "N*"  "N" "sp2" }
>> 	{ "NP"  "N" "sp2" }
>> 	{ "NQ"  "N" "sp2" }
>> 	{ "NB"  "N" "sp2" }
>> 	{ "NC"  "N" "sp2" }
>> 	{ "NT"  "N" "sp3" }
>> 	{ "NY"  "N" "sp2" }
>> 	{ "N3"  "N" "sp3" }
>> 	{ "S"   "S" "sp3" }
>> 	{ "SH"  "S" "sp3" }
>> 	{ "P"   "P" "sp3" }
>> 	{ "LP"  ""  "sp3" }
>> 	{ "EP"  ""  "sp3" }
>> 	{ "F"   "F" "sp3" }
>> 	{ "Cl"  "Cl" "sp3" }
>> 	{ "Br"  "Br" "sp3" }
>> 	{ "I"   "I"  "sp3" }
>> 	{ "F-"   "F" "sp3" }
>> 	{ "Cl-"  "Cl" "sp3" }
>> 	{ "Br-"  "Br" "sp3" }
>> 	{ "I-"   "I"  "sp3" }
>> 	{ "Li+"  "Li"  "sp3" }
>> 	{ "Na+"  "Na"  "sp3" }
>> 	{ "K+"  "K"  "sp3" }
>> 	{ "Rb+"  "Rb"  "sp3" }
>> 	{ "Cs+"  "Cs"  "sp3" }
>> 	{ "Mg+"  "Mg"  "sp3" }
>> # glycam
>> 	{ "OG"  "O" "sp3" }
>> 	{ "OL"  "O" "sp3" }
>> 	{ "AC"  "C" "sp3" }
>> 	{ "EC"  "C" "sp3" }
>> }
>> #
>> #	Load the main parameter set.
>> #
>> parm10 = loadamberparams parm10.dat
Loading parameters: /data/home/bjwang/software/amber18/dat/leap/parm/parm10.dat
Reading title:
PARM99 + frcmod.ff99SB + frcmod.parmbsc0 + OL3 for RNA
(UNKNOWN ATOM TYPE: Zn)
(UNKNOWN ATOM TYPE: EP)
>> frcmod14SB = loadamberparams frcmod.ff14SB
Loading parameters: /data/home/bjwang/software/amber18/dat/leap/parm/frcmod.ff14SB
Reading force field modification type file (frcmod)
Reading title:
ff14SB protein backbone and sidechain parameters
>> #
>> #	Load main chain and terminating amino acid libraries, nucleic acids
>> #
>> loadOff amino12.lib
Loading library: /data/home/bjwang/software/amber18/dat/leap/lib/amino12.lib
Loading: ALA
Loading: ARG
Loading: ASH
Loading: ASN
Loading: ASP
Loading: CYM
Loading: CYS
Loading: CYX
Loading: GLH
Loading: GLN
Loading: GLU
Loading: GLY
Loading: HID
Loading: HIE
Loading: HIP
Loading: HYP
Loading: ILE
Loading: LEU
Loading: LYN
Loading: LYS
Loading: MET
Loading: PHE
Loading: PRO
Loading: SER
Loading: THR
Loading: TRP
Loading: TYR
Loading: VAL
>> loadOff aminoct12.lib
Loading library: /data/home/bjwang/software/amber18/dat/leap/lib/aminoct12.lib
Loading: CALA
Loading: CARG
Loading: CASN
Loading: CASP
Loading: CCYS
Loading: CCYX
Loading: CGLN
Loading: CGLU
Loading: CGLY
Loading: CHID
Loading: CHIE
Loading: CHIP
Loading: CHYP
Loading: CILE
Loading: CLEU
Loading: CLYS
Loading: CMET
Loading: CPHE
Loading: CPRO
Loading: CSER
Loading: CTHR
Loading: CTRP
Loading: CTYR
Loading: CVAL
Loading: NHE
Loading: NME
>> loadOff aminont12.lib
Loading library: /data/home/bjwang/software/amber18/dat/leap/lib/aminont12.lib
Loading: ACE
Loading: NALA
Loading: NARG
Loading: NASN
Loading: NASP
Loading: NCYS
Loading: NCYX
Loading: NGLN
Loading: NGLU
Loading: NGLY
Loading: NHID
Loading: NHIE
Loading: NHIP
Loading: NILE
Loading: NLEU
Loading: NLYS
Loading: NMET
Loading: NPHE
Loading: NPRO
Loading: NSER
Loading: NTHR
Loading: NTRP
Loading: NTYR
Loading: NVAL
>> loadOff nucleic12.lib
Loading library: /data/home/bjwang/software/amber18/dat/leap/lib/nucleic12.lib
Loading: A
Loading: A3
Loading: A5
Loading: AN
Loading: C
Loading: C3
Loading: C5
Loading: CN
Loading: DA
Loading: DA3
Loading: DA5
Loading: DAN
Loading: DC
Loading: DC3
Loading: DC5
Loading: DCN
Loading: DG
Loading: DG3
Loading: DG5
Loading: DGN
Loading: DT
Loading: DT3
Loading: DT5
Loading: DTN
Loading: G
Loading: G3
Loading: G5
Loading: GN
Loading: OHE
Loading: U
Loading: U3
Loading: U5
Loading: UN
>> #
>> #       Load water and ions
>> # 
>> loadOff atomic_ions.lib
Loading library: /data/home/bjwang/software/amber18/dat/leap/lib/atomic_ions.lib
Loading: AG
Loading: AL
Loading: Ag
Loading: BA
Loading: BR
Loading: Be
Loading: CA
Loading: CD
Loading: CE
Loading: CL
Loading: CO
Loading: CR
Loading: CS
Loading: CU
Loading: CU1
Loading: Ce
Loading: Cl-
Loading: Cr
Loading: Dy
Loading: EU
Loading: EU3
Loading: Er
Loading: F
Loading: FE
Loading: FE2
Loading: GD3
Loading: H3O+
Loading: HE+
Loading: HG
Loading: HZ+
Loading: Hf
Loading: IN
Loading: IOD
Loading: K
Loading: K+
Loading: LA
Loading: LI
Loading: LU
Loading: MG
Loading: MN
Loading: NA
Loading: NH4
Loading: NI
Loading: Na+
Loading: Nd
Loading: PB
Loading: PD
Loading: PR
Loading: PT
Loading: Pu
Loading: RB
Loading: Ra
Loading: SM
Loading: SR
Loading: Sm
Loading: Sn
Loading: TB
Loading: TL
Loading: Th
Loading: Tl
Loading: Tm
Loading: U4+
Loading: V2+
Loading: Y
Loading: YB2
Loading: ZN
Loading: Zr
>> loadOff solvents.lib
Loading library: /data/home/bjwang/software/amber18/dat/leap/lib/solvents.lib
Loading: CHCL3BOX
Loading: DC4
Loading: FB3
Loading: FB3BOX
Loading: FB4
Loading: FB4BOX
Loading: MEOHBOX
Loading: NMABOX
Loading: OP3
Loading: OPC
Loading: OPC3BOX
Loading: OPCBOX
Loading: PL3
Loading: POL3BOX
Loading: QSPCFWBOX
Loading: SPC
Loading: SPCBOX
Loading: SPCFWBOX
Loading: SPF
Loading: SPG
Loading: T4E
Loading: TIP3PBOX
Loading: TIP3PFBOX
Loading: TIP4PBOX
Loading: TIP4PEWBOX
Loading: TIP5PBOX
Loading: TP3
Loading: TP4
Loading: TP5
Loading: TPF
>> HOH = TP3
>> WAT = TP3
>> 
>> #
>> #	Define the PDB name map for the amino acids and nucleic acids
>> #
>> addPdbResMap {
>>   { 0 "HYP" "NHYP" } { 1 "HYP" "CHYP" }
>>   { 0 "ALA" "NALA" } { 1 "ALA" "CALA" }
>>   { 0 "ARG" "NARG" } { 1 "ARG" "CARG" }
>>   { 0 "ASN" "NASN" } { 1 "ASN" "CASN" }
>>   { 0 "ASP" "NASP" } { 1 "ASP" "CASP" }
>>   { 0 "CYS" "NCYS" } { 1 "CYS" "CCYS" }
>>   { 0 "CYX" "NCYX" } { 1 "CYX" "CCYX" }
>>   { 0 "GLN" "NGLN" } { 1 "GLN" "CGLN" }
>>   { 0 "GLU" "NGLU" } { 1 "GLU" "CGLU" }
>>   { 0 "GLY" "NGLY" } { 1 "GLY" "CGLY" }
>>   { 0 "HID" "NHID" } { 1 "HID" "CHID" }
>>   { 0 "HIE" "NHIE" } { 1 "HIE" "CHIE" }
>>   { 0 "HIP" "NHIP" } { 1 "HIP" "CHIP" }
>>   { 0 "ILE" "NILE" } { 1 "ILE" "CILE" }
>>   { 0 "LEU" "NLEU" } { 1 "LEU" "CLEU" }
>>   { 0 "LYS" "NLYS" } { 1 "LYS" "CLYS" }
>>   { 0 "MET" "NMET" } { 1 "MET" "CMET" }
>>   { 0 "PHE" "NPHE" } { 1 "PHE" "CPHE" }
>>   { 0 "PRO" "NPRO" } { 1 "PRO" "CPRO" }
>>   { 0 "SER" "NSER" } { 1 "SER" "CSER" }
>>   { 0 "THR" "NTHR" } { 1 "THR" "CTHR" }
>>   { 0 "TRP" "NTRP" } { 1 "TRP" "CTRP" }
>>   { 0 "TYR" "NTYR" } { 1 "TYR" "CTYR" }
>>   { 0 "VAL" "NVAL" } { 1 "VAL" "CVAL" }
>>   { 0 "HIS" "NHIS" } { 1 "HIS" "CHIS" }
>>   { 0 "G" "G5"  } { 1 "G" "G3"  } 
>>   { 0 "A" "A5"  } { 1 "A" "A3"  } 
>>   { 0 "C" "C5"  } { 1 "C" "C3"  } 
>>   { 0 "U" "U5"  } { 1 "U" "U3"  } 
>>   { 0 "DG" "DG5"  } { 1 "DG" "DG3"  }  
>>   { 0 "DA" "DA5"  } { 1 "DA" "DA3"  }  
>>   { 0 "DC" "DC5"  } { 1 "DC" "DC3"  }  
>>   { 0 "DT" "DT5"  } { 1 "DT" "DT3"  }  
>> #  some old Amber residue names for RNA:
>>   { 0  "RA5" "A5" } { 1 "RA3" "A3"} {"RA" "A" }
>>   { 0  "RC5" "C5" } { 1 "RC3" "C3"} {"RC" "C" }
>>   { 0  "RG5" "G5" } { 1 "RG3" "G3"} {"RG" "G" }
>>   { 0  "RU5" "U5" } { 1 "RU3" "U3"} {"RU" "U" }
>> #  some really old Amber residue names, assuming DNA:
>>   { 0 "GUA" "DG5"  } { 1 "GUA" "DG3"  } { "GUA" "DG" }
>>   { 0 "ADE" "DA5"  } { 1 "ADE" "DA3"  } { "ADE" "DA" }
>>   { 0 "CYT" "DC5"  } { 1 "CYT" "DC3"  } { "CYT" "DC" }
>>   { 0 "THY" "DT5"  } { 1 "THY" "DT3"  } { "THY" "DT" }
>> #  uncomment out the following if you have this old style RNA files:
>> # { 0 "GUA" "G5"  } { 1 "GUA" "G3"  } { "GUA" "G" }
>> # { 0 "ADE" "A5"  } { 1 "ADE" "A3"  } { "ADE" "A" }
>> # { 0 "CYT" "C5"  } { 1 "CYT" "C3"  } { "CYT" "C" }
>> # { 0 "URA" "R5"  } { 1 "URA" "R3"  } { "URA" "R" }
>> 
>> }
>> 
>> #  try to be good about reading in really old atom names as well:
>> addPdbAtomMap {
>>   { "O5*" "O5'" }
>>   { "C5*" "C5'" }
>>   { "C4*" "C4'" }
>>   { "O4*" "O4'" }
>>   { "C3*" "C3'" }
>>   { "O3*" "O3'" }
>>   { "C2*" "C2'" }
>>   { "O2*" "O2'" }
>>   { "C1*" "C1'" }
>>   { "C5M" "C7"  }
>>   { "H1*" "H1'" }
>>   { "H2*1" "H2'" }
>>   { "H2*2" "H2''" }
>>   { "H2'1" "H2'" }
>>   { "H2'2" "H2''" }
>>   { "H3*" "H3'" }
>>   { "H4*" "H4'" }
>>   { "H5*1" "H5'" }
>>   { "H5*2" "H5''" }
>>   { "H5'1" "H5'" }
>>   { "H5'2" "H5''" }
>>   { "HO'2" "HO2'" }
>>   { "H5T"  "HO5'" }
>>   { "H3T"  "HO3'" }
>>   { "O1'" "O4'" }
>>   { "OA"  "OP1" }
>>   { "OB"  "OP2" }
>>   { "O1P" "OP1" }
>>   { "O2P" "OP2" }
>> }
>> 
>> #
>> # assume that most often proteins use HIE
>> #
>> NHIS = NHIE
>> HIS = HIE
>> CHIS = CHIE
>> 
> 
> source leaprc.gaff2
----- Source: /data/home/bjwang/software/amber18/dat/leap/cmd/leaprc.gaff2
----- Source of /data/home/bjwang/software/amber18/dat/leap/cmd/leaprc.gaff2 done
>> logFile leap.log
log started: Tue Sep  7 16:05:41 2021

Log file: ./leap.log
>> #
>> # ----- leaprc for loading the general Amber Force field.
>> #       This file is mostly for use with Antechamber
>> #
>> #	load atom type hybridizations
>> #
>> addAtomTypes {
>> 	{ "h1"  "H" "sp3" }
>> 	{ "h2"  "H" "sp3" }
>> 	{ "h3"  "H" "sp3" }
>> 	{ "h4"  "H" "sp3" }
>> 	{ "h5"  "H" "sp3" }
>> 	{ "ha"  "H" "sp3" }
>> 	{ "hc"  "H" "sp3" }
>> 	{ "hn"  "H" "sp3" }
>> 	{ "ho"  "H" "sp3" }
>> 	{ "hp"  "H" "sp3" }
>> 	{ "hs"  "H" "sp3" }
>> 	{ "hw"  "H" "sp3" }
>> 	{ "hx"  "H" "sp3" }
>> 	{ "o"  "O" "sp2" }
>> 	{ "o2"  "O" "sp2" }
>> 	{ "oh"  "O" "sp3" }
>> 	{ "op"  "O" "sp3" }
>> 	{ "oq"  "O" "sp3" }
>> 	{ "os"  "O" "sp3" }
>> 	{ "ow"  "O" "sp3" }
>> 	{ "c"  "C" "sp2" }
>> 	{ "c1"  "C" "sp2" }
>> 	{ "c2"  "C" "sp2" }
>> 	{ "c3"  "C" "sp3" }
>> 	{ "ca"  "C" "sp2" }
>> 	{ "cc"  "C" "sp2" }
>> 	{ "cd"  "C" "sp2" }
>> 	{ "ce"  "C" "sp2" }
>> 	{ "cf"  "C" "sp2" }
>> 	{ "cg"  "C" "sp2" }
>> 	{ "ch"  "C" "sp2" }
>> 	{ "cp"  "C" "sp2" }
>> 	{ "cs"  "C" "sp2" }
>> 	{ "cq"  "C" "sp2" }
>> 	{ "cu"  "C" "sp2" }
>> 	{ "cv"  "C" "sp2" }
>> 	{ "cx"  "C" "sp2" }
>> 	{ "cy"  "C" "sp2" }
>> 	{ "cz"  "C" "sp2" }
>> 	{ "n"   "N" "sp2" }
>> 	{ "n1"  "N" "sp2" }
>> 	{ "n2"  "N" "sp2" }
>> 	{ "n3"  "N" "sp3" }
>> 	{ "n4"  "N" "sp3" }
>> 	{ "n7"  "N" "sp3" }
>> 	{ "n8"  "N" "sp3" }
>> 	{ "n9"  "N" "sp3" }
>> 	{ "na"  "N" "sp2" }
>> 	{ "nb"  "N" "sp2" }
>> 	{ "nc"  "N" "sp2" }
>> 	{ "nd"  "N" "sp2" }
>> 	{ "ne"  "N" "sp2" }
>> 	{ "nf"  "N" "sp2" }
>> 	{ "nh"  "N" "sp2" }
>> 	{ "no"  "N" "sp2" }
>> 	{ "ns"  "N" "sp2" }
>> 	{ "nt"  "N" "sp2" }
>> 	{ "nu"  "N" "sp2" }
>> 	{ "nv"  "N" "sp2" }
>> 	{ "nx"  "N" "sp3" }
>> 	{ "ny"  "N" "sp3" }
>> 	{ "nz"  "N" "sp3" }
>> 	{ "n+"  "N" "sp3" }
>> 	{ "s"   "S" "sp2" }
>> 	{ "s2"   "S" "sp2" }
>> 	{ "s3"   "S" "sp3" }
>> 	{ "s4"   "S" "sp3" }
>> 	{ "s6"   "S" "sp3" }
>> 	{ "sh"   "S" "sp3" }
>> 	{ "sp"   "S" "sp3" }
>> 	{ "sq"   "S" "sp3" }
>> 	{ "ss"   "S" "sp3" }
>> 	{ "sx"   "S" "sp3" }
>> 	{ "sy"   "S" "sp3" }
>> 	{ "p2"   "P" "sp2" }
>> 	{ "p3"   "P" "sp3" }
>> 	{ "p4"   "P" "sp3" }
>> 	{ "p5"   "P" "sp3" }
>> 	{ "pb"   "P" "sp3" }
>> 	{ "pc"   "P" "sp3" }
>> 	{ "pd"   "P" "sp3" }
>> 	{ "pe"   "P" "sp3" }
>> 	{ "pf"   "P" "sp3" }
>> 	{ "px"   "P" "sp3" }
>> 	{ "py"   "P" "sp3" }
>> 	{ "f"   "F" "sp3" }
>> 	{ "cl"  "Cl" "sp3" }
>> 	{ "br"  "Br" "sp3" }
>> 	{ "i"   "I"  "sp3" }
>> }
>> #
>> #	Load the general force field parameter set.
>> #
>> gaff = loadamberparams gaff2.dat
Loading parameters: /data/home/bjwang/software/amber18/dat/leap/parm/gaff2.dat
Reading title:
AMBER General Force Field for organic molecules (Version 2.11, May 2016)
(UNKNOWN ATOM TYPE: ni)
(UNKNOWN ATOM TYPE: nj)
(UNKNOWN ATOM TYPE: nk)
(UNKNOWN ATOM TYPE: nl)
(UNKNOWN ATOM TYPE: nm)
(UNKNOWN ATOM TYPE: nn)
(UNKNOWN ATOM TYPE: n5)
(UNKNOWN ATOM TYPE: n6)
> 
> MOL = loadmol2 1a30_ligand.mol2_1
Loading Mol2 file: ./1a30_ligand.mol2_1
Reading MOLECULE named MOL
> loadamberparams 1a30_ligand.frcmod
Loading parameters: ./1a30_ligand.frcmod
Reading force field modification type file (frcmod)
Reading title:
Remark line goes here
> loadamberparams frcmod.ions1lm_126_tip3p
Loading parameters: /data/home/bjwang/software/amber18/dat/leap/parm/frcmod.ions1lm_126_tip3p
Reading force field modification type file (frcmod)
Reading title:
Li/Merz ion parameters of monovalent ions for TIP3P water model (12-6 normal usage set)
(UNKNOWN ATOM TYPE: Tl+)
(UNKNOWN ATOM TYPE: Cu+)
(UNKNOWN ATOM TYPE: Ag+)
(UNKNOWN ATOM TYPE: NH4+)
(UNKNOWN ATOM TYPE: H3O+)
> loadamberparams frcmod.ions234lm_126_tip3p
Loading parameters: /data/home/bjwang/software/amber18/dat/leap/parm/frcmod.ions234lm_126_tip3p
Reading force field modification type file (frcmod)
Reading title:
Li/Merz ion parameters of divalent to tetravalent ions for TIP3P water model (12-6 normal usage set)
(UNKNOWN ATOM TYPE: Be2+)
(UNKNOWN ATOM TYPE: Cu2+)
(UNKNOWN ATOM TYPE: Ni2+)
(UNKNOWN ATOM TYPE: Pt2+)
(UNKNOWN ATOM TYPE: Zn2+)
(UNKNOWN ATOM TYPE: Co2+)
(UNKNOWN ATOM TYPE: Pd2+)
(UNKNOWN ATOM TYPE: Ag2+)
(UNKNOWN ATOM TYPE: Cr2+)
(UNKNOWN ATOM TYPE: Fe2+)
(UNKNOWN ATOM TYPE: Mg2+)
(UNKNOWN ATOM TYPE: V2+)
(UNKNOWN ATOM TYPE: Mn2+)
(UNKNOWN ATOM TYPE: Hg2+)
(UNKNOWN ATOM TYPE: Cd2+)
(UNKNOWN ATOM TYPE: Yb2+)
(UNKNOWN ATOM TYPE: Ca2+)
(UNKNOWN ATOM TYPE: Sn2+)
(UNKNOWN ATOM TYPE: Pb2+)
(UNKNOWN ATOM TYPE: Eu2+)
(UNKNOWN ATOM TYPE: Sr2+)
(UNKNOWN ATOM TYPE: Sm2+)
(UNKNOWN ATOM TYPE: Ba2+)
(UNKNOWN ATOM TYPE: Ra2+)
(UNKNOWN ATOM TYPE: Al3+)
(UNKNOWN ATOM TYPE: Fe3+)
(UNKNOWN ATOM TYPE: Cr3+)
(UNKNOWN ATOM TYPE: In3+)
(UNKNOWN ATOM TYPE: Tl3+)
(UNKNOWN ATOM TYPE: Y3+)
(UNKNOWN ATOM TYPE: La3+)
(UNKNOWN ATOM TYPE: Ce3+)
(UNKNOWN ATOM TYPE: Pr3+)
(UNKNOWN ATOM TYPE: Nd3+)
(UNKNOWN ATOM TYPE: Sm3+)
(UNKNOWN ATOM TYPE: Eu3+)
(UNKNOWN ATOM TYPE: Gd3+)
(UNKNOWN ATOM TYPE: Tb3+)
(UNKNOWN ATOM TYPE: Dy3+)
(UNKNOWN ATOM TYPE: Er3+)
(UNKNOWN ATOM TYPE: Tm3+)
(UNKNOWN ATOM TYPE: Lu3+)
(UNKNOWN ATOM TYPE: Hf4+)
(UNKNOWN ATOM TYPE: Zr4+)
(UNKNOWN ATOM TYPE: Ce4+)
(UNKNOWN ATOM TYPE: U4+)
(UNKNOWN ATOM TYPE: Pu4+)
(UNKNOWN ATOM TYPE: Th4+)
> mol = loadpdb 1a30_complex.pdb
Loading PDB file: ./1a30_complex.pdb

/data/home/bjwang/software/amber18/bin/teLeap: Warning!
Name change in pdb file residue 1 ;
this residue is split into MOL and PRO.
 (starting new molecule for chain B)

/data/home/bjwang/software/amber18/bin/teLeap: Note.
1 residues had naming warnings.
Thus, there are split residues;
residue sequence numbers will not correspond to those in the pdb.
-- residue 1: duplicate [ C] atoms (total 3)
-- residue 1: duplicate [ CA] atoms (total 3)
-- residue 1: duplicate [ CB] atoms (total 3)
-- residue 1: duplicate [ CG] atoms (total 3)
-- residue 1: duplicate [ N] atoms (total 3)
-- residue 1: duplicate [ O] atoms (total 3)

/data/home/bjwang/software/amber18/bin/teLeap: Warning!
Atom names in each residue should be unique.
     (Same-name atoms are handled by using the first
      occurrence and by ignoring the rest.
      Frequently duplicate atom names stem from alternate
      conformations in the PDB file.)

Matching PDB residue names to LEaP variables.
Mapped residue PHE, term: Terminal/last, seq. number: 99 to: CPHE.
Mapped residue PRO, term: Terminal/beginning, seq. number: 100 to: NPRO.
Mapped residue PHE, term: Terminal/last, seq. number: 198 to: CPHE.
  Added missing heavy atom: .R<MOL 1>.A<C8 23>
  Added missing heavy atom: .R<MOL 1>.A<C6 22>
  Added missing heavy atom: .R<MOL 1>.A<C2 19>
  Added missing heavy atom: .R<MOL 1>.A<N2 18>
  Added missing heavy atom: .R<MOL 1>.A<C4 20>
  Added missing heavy atom: .R<MOL 1>.A<C3 12>
  Added missing heavy atom: .R<MOL 1>.A<O2 21>
  Added missing heavy atom: .R<MOL 1>.A<C1 11>
  Added missing heavy atom: .R<MOL 1>.A<O1 13>
  Added missing heavy atom: .R<MOL 1>.A<N1 10>
  Added missing heavy atom: .R<MOL 1>.A<C5 14>
  Added missing heavy atom: .R<MOL 1>.A<C7 15>

/data/home/bjwang/software/amber18/bin/teLeap: Warning!
One sided connection. Residue (default_name) missing connect1 atom.
  Added missing heavy atom: .R<ARG 42>.A<CG 8>
  Added missing heavy atom: .R<ARG 42>.A<CD 11>
  Added missing heavy atom: .R<ARG 42>.A<NE 14>
  Added missing heavy atom: .R<ARG 42>.A<CZ 16>
  Added missing heavy atom: .R<ARG 42>.A<NH1 17>
  Added missing heavy atom: .R<ARG 42>.A<NH2 20>
  total atoms in file: 1559
  Leap added 1638 missing atoms according to residue templates:
       18 Heavy
       1620 H / lone pairs
> savepdb mol  1a30_dry.pdb
Writing pdb file: 1a30_dry.pdb

/data/home/bjwang/software/amber18/bin/teLeap: Warning!
 Converting C-terminal residue name to PDB format: CPHE -> PHE

/data/home/bjwang/software/amber18/bin/teLeap: Warning!
 Converting N-terminal residue name to PDB format: NPRO -> PRO

/data/home/bjwang/software/amber18/bin/teLeap: Warning!
 Converting C-terminal residue name to PDB format: CPHE -> PHE
> saveamberparm mol 1a30_dry.prmtop 1a30_dry.inpcrd
Checking Unit.

/data/home/bjwang/software/amber18/bin/teLeap: Warning!
There is a bond of 5.082353 angstroms between: 

/data/home/bjwang/software/amber18/bin/teLeap: Warning!
There is a bond of 4.666988 angstroms between: 

/data/home/bjwang/software/amber18/bin/teLeap: Warning!
There is a bond of 6.136924 angstroms between: 

/data/home/bjwang/software/amber18/bin/teLeap: Warning!
There is a bond of 6.606952 angstroms between: 

/data/home/bjwang/software/amber18/bin/teLeap: Warning!
There is a bond of 4.835453 angstroms between: 

/data/home/bjwang/software/amber18/bin/teLeap: Warning!
There is a bond of 5.642357 angstroms between: 

/data/home/bjwang/software/amber18/bin/teLeap: Warning!
There is a bond of 6.497323 angstroms between: 

/data/home/bjwang/software/amber18/bin/teLeap: Warning!
There is a bond of 7.141086 angstroms between: 

/data/home/bjwang/software/amber18/bin/teLeap: Warning!
There is a bond of 6.395461 angstroms between: 

/data/home/bjwang/software/amber18/bin/teLeap: Warning!
There is a bond of 6.594343 angstroms between: 

/data/home/bjwang/software/amber18/bin/teLeap: Warning!
The unperturbed charge of the unit (3.001003) is not zero.

/data/home/bjwang/software/amber18/bin/teLeap: Note.
Ignoring the warnings from Unit Checking.

Building topology.
Building atom parameters.
Building bond parameters.
Building angle parameters.
Building proper torsion parameters.
Building improper torsion parameters.
 ** Warning: No sp2 improper torsion term for  C*-CN-CB-CA
        atoms are: CG CE2 CD2 CE3
 ** Warning: No sp2 improper torsion term for  NA-CA-CN-CB
        atoms are: NE1 CZ2 CE2 CD2
 ** Warning: No sp2 improper torsion term for  C*-CN-CB-CA
        atoms are: CG CE2 CD2 CE3
 ** Warning: No sp2 improper torsion term for  NA-CA-CN-CB
        atoms are: NE1 CZ2 CE2 CD2
 ** Warning: No sp2 improper torsion term for  C*-CN-CB-CA
        atoms are: CG CE2 CD2 CE3
 ** Warning: No sp2 improper torsion term for  NA-CA-CN-CB
        atoms are: NE1 CZ2 CE2 CD2
 ** Warning: No sp2 improper torsion term for  C*-CN-CB-CA
        atoms are: CG CE2 CD2 CE3
 ** Warning: No sp2 improper torsion term for  NA-CA-CN-CB
        atoms are: NE1 CZ2 CE2 CD2
 total 553 improper torsions applied
Building H-Bond parameters.
Incorporating Non-Bonded adjustments.
Not Marking per-residue atom chain types.
Marking per-residue atom chain types.
  (Residues lacking connect0/connect1 - 
   these don't have chain types marked:

	res	total affected

	CPHE	2
	MOL	1
	NPRO	1
  )
 (no restraints)
> solvatebox mol TIP3PBOX 12.0
  Solute vdw bounding box:              42.627 52.385 54.479
  Total bounding box for atom centers:  66.627 76.385 78.479
  Solvent unit box:                     18.774 18.774 18.774
The number of boxes:  x= 4  y= 5  z= 5
  Total vdw box size:                   69.814 79.440 81.867 angstroms.
  Volume: 454037.667 A^3 
  Total mass 222517.316 amu,  Density 0.814 g/cc
  Added 11132 residues.
> addions mol Na+ 0

/data/home/bjwang/software/amber18/bin/teLeap: Warning!
addIons: 1st Ion & target unit have charges of the same sign:
     unit charge = 3.001; ion1 charge = 1;
     can't neutralize.
> addions mol Cl- 0
3 Cl- ions required to neutralize.
Adding 3 counter ions to "mol" using 1A grid
Total solute charge:   3.00  Max atom radius:   2.00
Grid extends from solute vdw + 2.25  to  8.25
Box:
   enclosing:  -28.49 -33.16 -34.28   28.58 33.71 34.56
   sized:			      99.51 94.84 93.72
   edge:        128.00
Resolution:      1.00 Angstrom.
Tree depth: 7
Volume =  2.30% of box, grid points 48152
Solvent present: replacing closest with ion
	 when steric overlaps occur
Calculating grid charges
(Replacing solvent molecule)
Placed Cl- in mol at (-11.37, 6.47, 3.54).
(Replacing solvent molecule)
Placed Cl- in mol at (3.01, -3.72, -26.69).
(Replacing solvent molecule)
Placed Cl- in mol at (-21.08, 15.98, 14.17).

Done adding ions.
> savepdb mol 1a30_solv.pdb
Writing pdb file: 1a30_solv.pdb
   printing CRYST1 record to PDB file with box info

/data/home/bjwang/software/amber18/bin/teLeap: Warning!
 Converting C-terminal residue name to PDB format: CPHE -> PHE

/data/home/bjwang/software/amber18/bin/teLeap: Warning!
 Converting N-terminal residue name to PDB format: NPRO -> PRO

/data/home/bjwang/software/amber18/bin/teLeap: Warning!
 Converting C-terminal residue name to PDB format: CPHE -> PHE
> saveamberparm mol 1a30_solv.prmtop 1a30_solv.inpcrd
Checking Unit.

/data/home/bjwang/software/amber18/bin/teLeap: Warning!
There is a bond of 5.082353 angstroms between: 

/data/home/bjwang/software/amber18/bin/teLeap: Warning!
There is a bond of 4.666988 angstroms between: 

/data/home/bjwang/software/amber18/bin/teLeap: Warning!
There is a bond of 6.136924 angstroms between: 

/data/home/bjwang/software/amber18/bin/teLeap: Warning!
There is a bond of 6.606952 angstroms between: 

/data/home/bjwang/software/amber18/bin/teLeap: Warning!
There is a bond of 4.835453 angstroms between: 

/data/home/bjwang/software/amber18/bin/teLeap: Warning!
There is a bond of 5.642357 angstroms between: 

/data/home/bjwang/software/amber18/bin/teLeap: Warning!
There is a bond of 6.497323 angstroms between: 

/data/home/bjwang/software/amber18/bin/teLeap: Warning!
There is a bond of 7.141086 angstroms between: 

/data/home/bjwang/software/amber18/bin/teLeap: Warning!
There is a bond of 6.395461 angstroms between: 

/data/home/bjwang/software/amber18/bin/teLeap: Warning!
There is a bond of 6.594343 angstroms between: 

/data/home/bjwang/software/amber18/bin/teLeap: Note.
Ignoring the warnings from Unit Checking.

Building topology.
Building atom parameters.
Building bond parameters.
Building angle parameters.
Building proper torsion parameters.
Building improper torsion parameters.
 ** Warning: No sp2 improper torsion term for  C*-CN-CB-CA
        atoms are: CG CE2 CD2 CE3
 ** Warning: No sp2 improper torsion term for  NA-CA-CN-CB
        atoms are: NE1 CZ2 CE2 CD2
 ** Warning: No sp2 improper torsion term for  C*-CN-CB-CA
        atoms are: CG CE2 CD2 CE3
 ** Warning: No sp2 improper torsion term for  NA-CA-CN-CB
        atoms are: NE1 CZ2 CE2 CD2
 ** Warning: No sp2 improper torsion term for  C*-CN-CB-CA
        atoms are: CG CE2 CD2 CE3
 ** Warning: No sp2 improper torsion term for  NA-CA-CN-CB
        atoms are: NE1 CZ2 CE2 CD2
 ** Warning: No sp2 improper torsion term for  C*-CN-CB-CA
        atoms are: CG CE2 CD2 CE3
 ** Warning: No sp2 improper torsion term for  NA-CA-CN-CB
        atoms are: NE1 CZ2 CE2 CD2
 total 553 improper torsions applied
Building H-Bond parameters.
Incorporating Non-Bonded adjustments.
Not Marking per-residue atom chain types.
Marking per-residue atom chain types.
  (Residues lacking connect0/connect1 - 
   these don't have chain types marked:

	res	total affected

	CPHE	2
	MOL	1
	NPRO	1
	WAT	11129
  )
 (no restraints)
> 
> quit
	Quit

Exiting LEaP: Errors = 0; Warnings = 31; Notes = 3.
log started: Tue Sep  7 16:05:43 2021

Log file: ./leap.log
>> #
>> # ----- leaprc for loading the ff14SB force field
>> # ----- NOTE: this is designed for PDB format 3!
>> #    Uses frcmod.ff14SB for proteins; ff99bsc0 for DNA; ff99bsc0_chiOL3 for RNA
>> #
>> #	load atom type hybridizations
>> #
>> addAtomTypes {
>> 	{ "H"   "H" "sp3" }
>> 	{ "HO"  "H" "sp3" }
>> 	{ "HS"  "H" "sp3" }
>> 	{ "H1"  "H" "sp3" }
>> 	{ "H2"  "H" "sp3" }
>> 	{ "H3"  "H" "sp3" }
>> 	{ "H4"  "H" "sp3" }
>> 	{ "H5"  "H" "sp3" }
>> 	{ "HW"  "H" "sp3" }
>> 	{ "HC"  "H" "sp3" }
>> 	{ "HA"  "H" "sp3" }
>> 	{ "HP"  "H" "sp3" }
>> 	{ "HZ"  "H" "sp3" }
>> 	{ "OH"  "O" "sp3" }
>> 	{ "OS"  "O" "sp3" }
>> 	{ "O"   "O" "sp2" }
>> 	{ "O2"  "O" "sp2" }
>> 	{ "OP"  "O" "sp2" }
>> 	{ "OW"  "O" "sp3" }
>> 	{ "CT"  "C" "sp3" }
>> 	{ "CX"  "C" "sp3" }
>> 	{ "C8"  "C" "sp3" }
>> 	{ "2C"  "C" "sp3" }
>> 	{ "3C"  "C" "sp3" }
>> 	{ "CH"  "C" "sp3" }
>> 	{ "CS"  "C" "sp2" }
>> 	{ "C"   "C" "sp2" }
>> 	{ "CO"   "C" "sp2" }
>> 	{ "C*"  "C" "sp2" }
>> 	{ "CA"  "C" "sp2" }
>> 	{ "CB"  "C" "sp2" }
>> 	{ "CC"  "C" "sp2" }
>> 	{ "CN"  "C" "sp2" }
>> 	{ "CM"  "C" "sp2" }
>> 	{ "CK"  "C" "sp2" }
>> 	{ "CQ"  "C" "sp2" }
>> 	{ "CD"  "C" "sp2" }
>> 	{ "C5"  "C" "sp2" }
>> 	{ "C4"  "C" "sp2" }
>> 	{ "CP"  "C" "sp2" }
>> 	{ "CI"  "C" "sp3" }
>> 	{ "CJ"  "C" "sp2" }
>> 	{ "CW"  "C" "sp2" }
>> 	{ "CV"  "C" "sp2" }
>> 	{ "CR"  "C" "sp2" }
>> 	{ "CA"  "C" "sp2" }
>> 	{ "CY"  "C" "sp2" }
>> 	{ "C0"  "Ca" "sp3" }
>> 	{ "MG"  "Mg" "sp3" }
>> 	{ "N"   "N" "sp2" }
>> 	{ "NA"  "N" "sp2" }
>> 	{ "N2"  "N" "sp2" }
>> 	{ "N*"  "N" "sp2" }
>> 	{ "NP"  "N" "sp2" }
>> 	{ "NQ"  "N" "sp2" }
>> 	{ "NB"  "N" "sp2" }
>> 	{ "NC"  "N" "sp2" }
>> 	{ "NT"  "N" "sp3" }
>> 	{ "NY"  "N" "sp2" }
>> 	{ "N3"  "N" "sp3" }
>> 	{ "S"   "S" "sp3" }
>> 	{ "SH"  "S" "sp3" }
>> 	{ "P"   "P" "sp3" }
>> 	{ "LP"  ""  "sp3" }
>> 	{ "EP"  ""  "sp3" }
>> 	{ "F"   "F" "sp3" }
>> 	{ "Cl"  "Cl" "sp3" }
>> 	{ "Br"  "Br" "sp3" }
>> 	{ "I"   "I"  "sp3" }
>> 	{ "F-"   "F" "sp3" }
>> 	{ "Cl-"  "Cl" "sp3" }
>> 	{ "Br-"  "Br" "sp3" }
>> 	{ "I-"   "I"  "sp3" }
>> 	{ "Li+"  "Li"  "sp3" }
>> 	{ "Na+"  "Na"  "sp3" }
>> 	{ "K+"  "K"  "sp3" }
>> 	{ "Rb+"  "Rb"  "sp3" }
>> 	{ "Cs+"  "Cs"  "sp3" }
>> 	{ "Mg+"  "Mg"  "sp3" }
>> # glycam
>> 	{ "OG"  "O" "sp3" }
>> 	{ "OL"  "O" "sp3" }
>> 	{ "AC"  "C" "sp3" }
>> 	{ "EC"  "C" "sp3" }
>> }
>> #
>> #	Load the main parameter set.
>> #
>> parm10 = loadamberparams parm10.dat
Loading parameters: /data/home/bjwang/software/amber18/dat/leap/parm/parm10.dat
Reading title:
PARM99 + frcmod.ff99SB + frcmod.parmbsc0 + OL3 for RNA
(UNKNOWN ATOM TYPE: Zn)
(UNKNOWN ATOM TYPE: EP)
>> frcmod14SB = loadamberparams frcmod.ff14SB
Loading parameters: /data/home/bjwang/software/amber18/dat/leap/parm/frcmod.ff14SB
Reading force field modification type file (frcmod)
Reading title:
ff14SB protein backbone and sidechain parameters
>> #
>> #	Load main chain and terminating amino acid libraries, nucleic acids
>> #
>> loadOff amino12.lib
Loading library: /data/home/bjwang/software/amber18/dat/leap/lib/amino12.lib
Loading: ALA
Loading: ARG
Loading: ASH
Loading: ASN
Loading: ASP
Loading: CYM
Loading: CYS
Loading: CYX
Loading: GLH
Loading: GLN
Loading: GLU
Loading: GLY
Loading: HID
Loading: HIE
Loading: HIP
Loading: HYP
Loading: ILE
Loading: LEU
Loading: LYN
Loading: LYS
Loading: MET
Loading: PHE
Loading: PRO
Loading: SER
Loading: THR
Loading: TRP
Loading: TYR
Loading: VAL
>> loadOff aminoct12.lib
Loading library: /data/home/bjwang/software/amber18/dat/leap/lib/aminoct12.lib
Loading: CALA
Loading: CARG
Loading: CASN
Loading: CASP
Loading: CCYS
Loading: CCYX
Loading: CGLN
Loading: CGLU
Loading: CGLY
Loading: CHID
Loading: CHIE
Loading: CHIP
Loading: CHYP
Loading: CILE
Loading: CLEU
Loading: CLYS
Loading: CMET
Loading: CPHE
Loading: CPRO
Loading: CSER
Loading: CTHR
Loading: CTRP
Loading: CTYR
Loading: CVAL
Loading: NHE
Loading: NME
>> loadOff aminont12.lib
Loading library: /data/home/bjwang/software/amber18/dat/leap/lib/aminont12.lib
Loading: ACE
Loading: NALA
Loading: NARG
Loading: NASN
Loading: NASP
Loading: NCYS
Loading: NCYX
Loading: NGLN
Loading: NGLU
Loading: NGLY
Loading: NHID
Loading: NHIE
Loading: NHIP
Loading: NILE
Loading: NLEU
Loading: NLYS
Loading: NMET
Loading: NPHE
Loading: NPRO
Loading: NSER
Loading: NTHR
Loading: NTRP
Loading: NTYR
Loading: NVAL
>> loadOff nucleic12.lib
Loading library: /data/home/bjwang/software/amber18/dat/leap/lib/nucleic12.lib
Loading: A
Loading: A3
Loading: A5
Loading: AN
Loading: C
Loading: C3
Loading: C5
Loading: CN
Loading: DA
Loading: DA3
Loading: DA5
Loading: DAN
Loading: DC
Loading: DC3
Loading: DC5
Loading: DCN
Loading: DG
Loading: DG3
Loading: DG5
Loading: DGN
Loading: DT
Loading: DT3
Loading: DT5
Loading: DTN
Loading: G
Loading: G3
Loading: G5
Loading: GN
Loading: OHE
Loading: U
Loading: U3
Loading: U5
Loading: UN
>> #
>> #       Load water and ions
>> # 
>> loadOff atomic_ions.lib
Loading library: /data/home/bjwang/software/amber18/dat/leap/lib/atomic_ions.lib
Loading: AG
Loading: AL
Loading: Ag
Loading: BA
Loading: BR
Loading: Be
Loading: CA
Loading: CD
Loading: CE
Loading: CL
Loading: CO
Loading: CR
Loading: CS
Loading: CU
Loading: CU1
Loading: Ce
Loading: Cl-
Loading: Cr
Loading: Dy
Loading: EU
Loading: EU3
Loading: Er
Loading: F
Loading: FE
Loading: FE2
Loading: GD3
Loading: H3O+
Loading: HE+
Loading: HG
Loading: HZ+
Loading: Hf
Loading: IN
Loading: IOD
Loading: K
Loading: K+
Loading: LA
Loading: LI
Loading: LU
Loading: MG
Loading: MN
Loading: NA
Loading: NH4
Loading: NI
Loading: Na+
Loading: Nd
Loading: PB
Loading: PD
Loading: PR
Loading: PT
Loading: Pu
Loading: RB
Loading: Ra
Loading: SM
Loading: SR
Loading: Sm
Loading: Sn
Loading: TB
Loading: TL
Loading: Th
Loading: Tl
Loading: Tm
Loading: U4+
Loading: V2+
Loading: Y
Loading: YB2
Loading: ZN
Loading: Zr
>> loadOff solvents.lib
Loading library: /data/home/bjwang/software/amber18/dat/leap/lib/solvents.lib
Loading: CHCL3BOX
Loading: DC4
Loading: FB3
Loading: FB3BOX
Loading: FB4
Loading: FB4BOX
Loading: MEOHBOX
Loading: NMABOX
Loading: OP3
Loading: OPC
Loading: OPC3BOX
Loading: OPCBOX
Loading: PL3
Loading: POL3BOX
Loading: QSPCFWBOX
Loading: SPC
Loading: SPCBOX
Loading: SPCFWBOX
Loading: SPF
Loading: SPG
Loading: T4E
Loading: TIP3PBOX
Loading: TIP3PFBOX
Loading: TIP4PBOX
Loading: TIP4PEWBOX
Loading: TIP5PBOX
Loading: TP3
Loading: TP4
Loading: TP5
Loading: TPF
>> HOH = TP3
>> WAT = TP3
>> 
>> #
>> #	Define the PDB name map for the amino acids and nucleic acids
>> #
>> addPdbResMap {
>>   { 0 "HYP" "NHYP" } { 1 "HYP" "CHYP" }
>>   { 0 "ALA" "NALA" } { 1 "ALA" "CALA" }
>>   { 0 "ARG" "NARG" } { 1 "ARG" "CARG" }
>>   { 0 "ASN" "NASN" } { 1 "ASN" "CASN" }
>>   { 0 "ASP" "NASP" } { 1 "ASP" "CASP" }
>>   { 0 "CYS" "NCYS" } { 1 "CYS" "CCYS" }
>>   { 0 "CYX" "NCYX" } { 1 "CYX" "CCYX" }
>>   { 0 "GLN" "NGLN" } { 1 "GLN" "CGLN" }
>>   { 0 "GLU" "NGLU" } { 1 "GLU" "CGLU" }
>>   { 0 "GLY" "NGLY" } { 1 "GLY" "CGLY" }
>>   { 0 "HID" "NHID" } { 1 "HID" "CHID" }
>>   { 0 "HIE" "NHIE" } { 1 "HIE" "CHIE" }
>>   { 0 "HIP" "NHIP" } { 1 "HIP" "CHIP" }
>>   { 0 "ILE" "NILE" } { 1 "ILE" "CILE" }
>>   { 0 "LEU" "NLEU" } { 1 "LEU" "CLEU" }
>>   { 0 "LYS" "NLYS" } { 1 "LYS" "CLYS" }
>>   { 0 "MET" "NMET" } { 1 "MET" "CMET" }
>>   { 0 "PHE" "NPHE" } { 1 "PHE" "CPHE" }
>>   { 0 "PRO" "NPRO" } { 1 "PRO" "CPRO" }
>>   { 0 "SER" "NSER" } { 1 "SER" "CSER" }
>>   { 0 "THR" "NTHR" } { 1 "THR" "CTHR" }
>>   { 0 "TRP" "NTRP" } { 1 "TRP" "CTRP" }
>>   { 0 "TYR" "NTYR" } { 1 "TYR" "CTYR" }
>>   { 0 "VAL" "NVAL" } { 1 "VAL" "CVAL" }
>>   { 0 "HIS" "NHIS" } { 1 "HIS" "CHIS" }
>>   { 0 "G" "G5"  } { 1 "G" "G3"  } 
>>   { 0 "A" "A5"  } { 1 "A" "A3"  } 
>>   { 0 "C" "C5"  } { 1 "C" "C3"  } 
>>   { 0 "U" "U5"  } { 1 "U" "U3"  } 
>>   { 0 "DG" "DG5"  } { 1 "DG" "DG3"  }  
>>   { 0 "DA" "DA5"  } { 1 "DA" "DA3"  }  
>>   { 0 "DC" "DC5"  } { 1 "DC" "DC3"  }  
>>   { 0 "DT" "DT5"  } { 1 "DT" "DT3"  }  
>> #  some old Amber residue names for RNA:
>>   { 0  "RA5" "A5" } { 1 "RA3" "A3"} {"RA" "A" }
>>   { 0  "RC5" "C5" } { 1 "RC3" "C3"} {"RC" "C" }
>>   { 0  "RG5" "G5" } { 1 "RG3" "G3"} {"RG" "G" }
>>   { 0  "RU5" "U5" } { 1 "RU3" "U3"} {"RU" "U" }
>> #  some really old Amber residue names, assuming DNA:
>>   { 0 "GUA" "DG5"  } { 1 "GUA" "DG3"  } { "GUA" "DG" }
>>   { 0 "ADE" "DA5"  } { 1 "ADE" "DA3"  } { "ADE" "DA" }
>>   { 0 "CYT" "DC5"  } { 1 "CYT" "DC3"  } { "CYT" "DC" }
>>   { 0 "THY" "DT5"  } { 1 "THY" "DT3"  } { "THY" "DT" }
>> #  uncomment out the following if you have this old style RNA files:
>> # { 0 "GUA" "G5"  } { 1 "GUA" "G3"  } { "GUA" "G" }
>> # { 0 "ADE" "A5"  } { 1 "ADE" "A3"  } { "ADE" "A" }
>> # { 0 "CYT" "C5"  } { 1 "CYT" "C3"  } { "CYT" "C" }
>> # { 0 "URA" "R5"  } { 1 "URA" "R3"  } { "URA" "R" }
>> 
>> }
>> 
>> #  try to be good about reading in really old atom names as well:
>> addPdbAtomMap {
>>   { "O5*" "O5'" }
>>   { "C5*" "C5'" }
>>   { "C4*" "C4'" }
>>   { "O4*" "O4'" }
>>   { "C3*" "C3'" }
>>   { "O3*" "O3'" }
>>   { "C2*" "C2'" }
>>   { "O2*" "O2'" }
>>   { "C1*" "C1'" }
>>   { "C5M" "C7"  }
>>   { "H1*" "H1'" }
>>   { "H2*1" "H2'" }
>>   { "H2*2" "H2''" }
>>   { "H2'1" "H2'" }
>>   { "H2'2" "H2''" }
>>   { "H3*" "H3'" }
>>   { "H4*" "H4'" }
>>   { "H5*1" "H5'" }
>>   { "H5*2" "H5''" }
>>   { "H5'1" "H5'" }
>>   { "H5'2" "H5''" }
>>   { "HO'2" "HO2'" }
>>   { "H5T"  "HO5'" }
>>   { "H3T"  "HO3'" }
>>   { "O1'" "O4'" }
>>   { "OA"  "OP1" }
>>   { "OB"  "OP2" }
>>   { "O1P" "OP1" }
>>   { "O2P" "OP2" }
>> }
>> 
>> #
>> # assume that most often proteins use HIE
>> #
>> NHIS = NHIE
>> HIS = HIE
>> CHIS = CHIE
>> 
> 
> source leaprc.gaff2
----- Source: /data/home/bjwang/software/amber18/dat/leap/cmd/leaprc.gaff2
----- Source of /data/home/bjwang/software/amber18/dat/leap/cmd/leaprc.gaff2 done
>> logFile leap.log
log started: Tue Sep  7 16:05:43 2021

Log file: ./leap.log
>> #
>> # ----- leaprc for loading the general Amber Force field.
>> #       This file is mostly for use with Antechamber
>> #
>> #	load atom type hybridizations
>> #
>> addAtomTypes {
>> 	{ "h1"  "H" "sp3" }
>> 	{ "h2"  "H" "sp3" }
>> 	{ "h3"  "H" "sp3" }
>> 	{ "h4"  "H" "sp3" }
>> 	{ "h5"  "H" "sp3" }
>> 	{ "ha"  "H" "sp3" }
>> 	{ "hc"  "H" "sp3" }
>> 	{ "hn"  "H" "sp3" }
>> 	{ "ho"  "H" "sp3" }
>> 	{ "hp"  "H" "sp3" }
>> 	{ "hs"  "H" "sp3" }
>> 	{ "hw"  "H" "sp3" }
>> 	{ "hx"  "H" "sp3" }
>> 	{ "o"  "O" "sp2" }
>> 	{ "o2"  "O" "sp2" }
>> 	{ "oh"  "O" "sp3" }
>> 	{ "op"  "O" "sp3" }
>> 	{ "oq"  "O" "sp3" }
>> 	{ "os"  "O" "sp3" }
>> 	{ "ow"  "O" "sp3" }
>> 	{ "c"  "C" "sp2" }
>> 	{ "c1"  "C" "sp2" }
>> 	{ "c2"  "C" "sp2" }
>> 	{ "c3"  "C" "sp3" }
>> 	{ "ca"  "C" "sp2" }
>> 	{ "cc"  "C" "sp2" }
>> 	{ "cd"  "C" "sp2" }
>> 	{ "ce"  "C" "sp2" }
>> 	{ "cf"  "C" "sp2" }
>> 	{ "cg"  "C" "sp2" }
>> 	{ "ch"  "C" "sp2" }
>> 	{ "cp"  "C" "sp2" }
>> 	{ "cs"  "C" "sp2" }
>> 	{ "cq"  "C" "sp2" }
>> 	{ "cu"  "C" "sp2" }
>> 	{ "cv"  "C" "sp2" }
>> 	{ "cx"  "C" "sp2" }
>> 	{ "cy"  "C" "sp2" }
>> 	{ "cz"  "C" "sp2" }
>> 	{ "n"   "N" "sp2" }
>> 	{ "n1"  "N" "sp2" }
>> 	{ "n2"  "N" "sp2" }
>> 	{ "n3"  "N" "sp3" }
>> 	{ "n4"  "N" "sp3" }
>> 	{ "n7"  "N" "sp3" }
>> 	{ "n8"  "N" "sp3" }
>> 	{ "n9"  "N" "sp3" }
>> 	{ "na"  "N" "sp2" }
>> 	{ "nb"  "N" "sp2" }
>> 	{ "nc"  "N" "sp2" }
>> 	{ "nd"  "N" "sp2" }
>> 	{ "ne"  "N" "sp2" }
>> 	{ "nf"  "N" "sp2" }
>> 	{ "nh"  "N" "sp2" }
>> 	{ "no"  "N" "sp2" }
>> 	{ "ns"  "N" "sp2" }
>> 	{ "nt"  "N" "sp2" }
>> 	{ "nu"  "N" "sp2" }
>> 	{ "nv"  "N" "sp2" }
>> 	{ "nx"  "N" "sp3" }
>> 	{ "ny"  "N" "sp3" }
>> 	{ "nz"  "N" "sp3" }
>> 	{ "n+"  "N" "sp3" }
>> 	{ "s"   "S" "sp2" }
>> 	{ "s2"   "S" "sp2" }
>> 	{ "s3"   "S" "sp3" }
>> 	{ "s4"   "S" "sp3" }
>> 	{ "s6"   "S" "sp3" }
>> 	{ "sh"   "S" "sp3" }
>> 	{ "sp"   "S" "sp3" }
>> 	{ "sq"   "S" "sp3" }
>> 	{ "ss"   "S" "sp3" }
>> 	{ "sx"   "S" "sp3" }
>> 	{ "sy"   "S" "sp3" }
>> 	{ "p2"   "P" "sp2" }
>> 	{ "p3"   "P" "sp3" }
>> 	{ "p4"   "P" "sp3" }
>> 	{ "p5"   "P" "sp3" }
>> 	{ "pb"   "P" "sp3" }
>> 	{ "pc"   "P" "sp3" }
>> 	{ "pd"   "P" "sp3" }
>> 	{ "pe"   "P" "sp3" }
>> 	{ "pf"   "P" "sp3" }
>> 	{ "px"   "P" "sp3" }
>> 	{ "py"   "P" "sp3" }
>> 	{ "f"   "F" "sp3" }
>> 	{ "cl"  "Cl" "sp3" }
>> 	{ "br"  "Br" "sp3" }
>> 	{ "i"   "I"  "sp3" }
>> }
>> #
>> #	Load the general force field parameter set.
>> #
>> gaff = loadamberparams gaff2.dat
Loading parameters: /data/home/bjwang/software/amber18/dat/leap/parm/gaff2.dat
Reading title:
AMBER General Force Field for organic molecules (Version 2.11, May 2016)
(UNKNOWN ATOM TYPE: ni)
(UNKNOWN ATOM TYPE: nj)
(UNKNOWN ATOM TYPE: nk)
(UNKNOWN ATOM TYPE: nl)
(UNKNOWN ATOM TYPE: nm)
(UNKNOWN ATOM TYPE: nn)
(UNKNOWN ATOM TYPE: n5)
(UNKNOWN ATOM TYPE: n6)
> 
> PRL = loadmol2 1bcu_ligand.mol2_1
Loading Mol2 file: ./1bcu_ligand.mol2_1
Reading MOLECULE named PRL
> loadamberparams 1bcu_ligand.frcmod
Loading parameters: ./1bcu_ligand.frcmod
Reading force field modification type file (frcmod)
Reading title:
Remark line goes here
> loadamberparams frcmod.ions1lm_126_tip3p
Loading parameters: /data/home/bjwang/software/amber18/dat/leap/parm/frcmod.ions1lm_126_tip3p
Reading force field modification type file (frcmod)
Reading title:
Li/Merz ion parameters of monovalent ions for TIP3P water model (12-6 normal usage set)
(UNKNOWN ATOM TYPE: Tl+)
(UNKNOWN ATOM TYPE: Cu+)
(UNKNOWN ATOM TYPE: Ag+)
(UNKNOWN ATOM TYPE: NH4+)
(UNKNOWN ATOM TYPE: H3O+)
> loadamberparams frcmod.ions234lm_126_tip3p
Loading parameters: /data/home/bjwang/software/amber18/dat/leap/parm/frcmod.ions234lm_126_tip3p
Reading force field modification type file (frcmod)
Reading title:
Li/Merz ion parameters of divalent to tetravalent ions for TIP3P water model (12-6 normal usage set)
(UNKNOWN ATOM TYPE: Be2+)
(UNKNOWN ATOM TYPE: Cu2+)
(UNKNOWN ATOM TYPE: Ni2+)
(UNKNOWN ATOM TYPE: Pt2+)
(UNKNOWN ATOM TYPE: Zn2+)
(UNKNOWN ATOM TYPE: Co2+)
(UNKNOWN ATOM TYPE: Pd2+)
(UNKNOWN ATOM TYPE: Ag2+)
(UNKNOWN ATOM TYPE: Cr2+)
(UNKNOWN ATOM TYPE: Fe2+)
(UNKNOWN ATOM TYPE: Mg2+)
(UNKNOWN ATOM TYPE: V2+)
(UNKNOWN ATOM TYPE: Mn2+)
(UNKNOWN ATOM TYPE: Hg2+)
(UNKNOWN ATOM TYPE: Cd2+)
(UNKNOWN ATOM TYPE: Yb2+)
(UNKNOWN ATOM TYPE: Ca2+)
(UNKNOWN ATOM TYPE: Sn2+)
(UNKNOWN ATOM TYPE: Pb2+)
(UNKNOWN ATOM TYPE: Eu2+)
(UNKNOWN ATOM TYPE: Sr2+)
(UNKNOWN ATOM TYPE: Sm2+)
(UNKNOWN ATOM TYPE: Ba2+)
(UNKNOWN ATOM TYPE: Ra2+)
(UNKNOWN ATOM TYPE: Al3+)
(UNKNOWN ATOM TYPE: Fe3+)
(UNKNOWN ATOM TYPE: Cr3+)
(UNKNOWN ATOM TYPE: In3+)
(UNKNOWN ATOM TYPE: Tl3+)
(UNKNOWN ATOM TYPE: Y3+)
(UNKNOWN ATOM TYPE: La3+)
(UNKNOWN ATOM TYPE: Ce3+)
(UNKNOWN ATOM TYPE: Pr3+)
(UNKNOWN ATOM TYPE: Nd3+)
(UNKNOWN ATOM TYPE: Sm3+)
(UNKNOWN ATOM TYPE: Eu3+)
(UNKNOWN ATOM TYPE: Gd3+)
(UNKNOWN ATOM TYPE: Tb3+)
(UNKNOWN ATOM TYPE: Dy3+)
(UNKNOWN ATOM TYPE: Er3+)
(UNKNOWN ATOM TYPE: Tm3+)
(UNKNOWN ATOM TYPE: Lu3+)
(UNKNOWN ATOM TYPE: Hf4+)
(UNKNOWN ATOM TYPE: Zr4+)
(UNKNOWN ATOM TYPE: Ce4+)
(UNKNOWN ATOM TYPE: U4+)
(UNKNOWN ATOM TYPE: Pu4+)
(UNKNOWN ATOM TYPE: Th4+)
> mol = loadpdb 1bcu_complex.pdb
Loading PDB file: ./1bcu_complex.pdb
 (starting new molecule for chain H)

/data/home/bjwang/software/amber18/bin/teLeap: Warning!
Name change in pdb file residue 1 ;
this residue is split into PRL and ILE.
 (starting new molecule for chain L)

/data/home/bjwang/software/amber18/bin/teLeap: Note.
1 residues had naming warnings.
Thus, there are split residues;
residue sequence numbers will not correspond to those in the pdb.
Matching PDB residue names to LEaP variables.
Mapped residue ILE, term: Terminal/beginning, seq. number: 1 to: NILE.
Mapped residue PHE, term: Terminal/last, seq. number: 249 to: CPHE.
Mapped residue ALA, term: Terminal/beginning, seq. number: 250 to: NALA.
Mapped residue TYR, term: Terminal/last, seq. number: 275 to: CTYR.
  Added missing heavy atom: .R<CPHE 250>.A<OXT 21>
  Added missing heavy atom: .R<CTYR 276>.A<OXT 22>
  total atoms in file: 2259
  Leap added 2214 missing atoms according to residue templates:
       2 Heavy
       2212 H / lone pairs
> savepdb mol  1bcu_dry.pdb
Writing pdb file: 1bcu_dry.pdb

/data/home/bjwang/software/amber18/bin/teLeap: Warning!
 Converting N-terminal residue name to PDB format: NILE -> ILE

/data/home/bjwang/software/amber18/bin/teLeap: Warning!
 Converting C-terminal residue name to PDB format: CPHE -> PHE

/data/home/bjwang/software/amber18/bin/teLeap: Warning!
 Converting N-terminal residue name to PDB format: NALA -> ALA

/data/home/bjwang/software/amber18/bin/teLeap: Warning!
 Converting C-terminal residue name to PDB format: CTYR -> TYR
> saveamberparm mol 1bcu_dry.prmtop 1bcu_dry.inpcrd
Checking Unit.

/data/home/bjwang/software/amber18/bin/teLeap: Warning!
There is a bond of 9.439659 angstroms between: 

/data/home/bjwang/software/amber18/bin/teLeap: Warning!
The unperturbed charge of the unit (4.002000) is not zero.

/data/home/bjwang/software/amber18/bin/teLeap: Note.
Ignoring the warnings from Unit Checking.

Building topology.
Building atom parameters.
Building bond parameters.
Building angle parameters.
Building proper torsion parameters.
Building improper torsion parameters.
 ** Warning: No sp2 improper torsion term for  C*-CN-CB-CA
        atoms are: CG CE2 CD2 CE3
 ** Warning: No sp2 improper torsion term for  NA-CA-CN-CB
        atoms are: NE1 CZ2 CE2 CD2
 ** Warning: No sp2 improper torsion term for  C*-CN-CB-CA
        atoms are: CG CE2 CD2 CE3
 ** Warning: No sp2 improper torsion term for  NA-CA-CN-CB
        atoms are: NE1 CZ2 CE2 CD2
 ** Warning: No sp2 improper torsion term for  C*-CN-CB-CA
        atoms are: CG CE2 CD2 CE3
 ** Warning: No sp2 improper torsion term for  NA-CA-CN-CB
        atoms are: NE1 CZ2 CE2 CD2
 ** Warning: No sp2 improper torsion term for  C*-CN-CB-CA
        atoms are: CG CE2 CD2 CE3
 ** Warning: No sp2 improper torsion term for  NA-CA-CN-CB
        atoms are: NE1 CZ2 CE2 CD2
 ** Warning: No sp2 improper torsion term for  C*-CN-CB-CA
        atoms are: CG CE2 CD2 CE3
 ** Warning: No sp2 improper torsion term for  NA-CA-CN-CB
        atoms are: NE1 CZ2 CE2 CD2
 ** Warning: No sp2 improper torsion term for  C*-CN-CB-CA
        atoms are: CG CE2 CD2 CE3
 ** Warning: No sp2 improper torsion term for  NA-CA-CN-CB
        atoms are: NE1 CZ2 CE2 CD2
 ** Warning: No sp2 improper torsion term for  C*-CN-CB-CA
        atoms are: CG CE2 CD2 CE3
 ** Warning: No sp2 improper torsion term for  NA-CA-CN-CB
        atoms are: NE1 CZ2 CE2 CD2
 ** Warning: No sp2 improper torsion term for  C*-CN-CB-CA
        atoms are: CG CE2 CD2 CE3
 ** Warning: No sp2 improper torsion term for  NA-CA-CN-CB
        atoms are: NE1 CZ2 CE2 CD2
 total 918 improper torsions applied
Building H-Bond parameters.
Incorporating Non-Bonded adjustments.
Not Marking per-residue atom chain types.
Marking per-residue atom chain types.
  (Residues lacking connect0/connect1 - 
   these don't have chain types marked:

	res	total affected

	CPHE	1
	CTYR	1
	NALA	1
	NILE	1
	PRL	1
  )
 (no restraints)
> solvatebox mol TIP3PBOX 12.0
  Solute vdw bounding box:              49.024 50.198 54.419
  Total bounding box for atom centers:  73.024 74.198 78.419
  Solvent unit box:                     18.774 18.774 18.774
The number of boxes:  x= 4  y= 4  z= 5
  Total vdw box size:                   75.705 77.306 81.720 angstroms.
  Volume: 478260.797 A^3 
  Total mass 238235.168 amu,  Density 0.827 g/cc
  Added 11449 residues.
> addions mol Na+ 0

/data/home/bjwang/software/amber18/bin/teLeap: Warning!
addIons: 1st Ion & target unit have charges of the same sign:
     unit charge = 4.002; ion1 charge = 1;
     can't neutralize.
> addions mol Cl- 0
4 Cl- ions required to neutralize.
Adding 4 counter ions to "mol" using 1A grid
Total solute charge:   4.00  Max atom radius:   2.00
Grid extends from solute vdw + 2.25  to  8.25
Box:
   enclosing:  -31.76 -32.43 -34.13   31.25 31.96 34.04
   sized:			      96.24 95.57 93.87
   edge:        128.00
Resolution:      1.00 Angstrom.
Tree depth: 7
Volume =  2.77% of box, grid points 58172
Solvent present: replacing closest with ion
	 when steric overlaps occur
Calculating grid charges
(No solvent overlap)
Placed Cl- in mol at (-19.76, 4.57, -10.13).
(Replacing solvent molecule)
Placed Cl- in mol at (-17.93, -1.93, -16.97).
(Replacing solvent molecule)
Placed Cl- in mol at (-12.96, 11.57, 21.52).
(Replacing solvent molecule)
Placed Cl- in mol at (-12.50, 7.29, -18.47).

Done adding ions.
> savepdb mol 1bcu_solv.pdb
Writing pdb file: 1bcu_solv.pdb
   printing CRYST1 record to PDB file with box info

/data/home/bjwang/software/amber18/bin/teLeap: Warning!
 Converting N-terminal residue name to PDB format: NILE -> ILE

/data/home/bjwang/software/amber18/bin/teLeap: Warning!
 Converting C-terminal residue name to PDB format: CPHE -> PHE

/data/home/bjwang/software/amber18/bin/teLeap: Warning!
 Converting N-terminal residue name to PDB format: NALA -> ALA

/data/home/bjwang/software/amber18/bin/teLeap: Warning!
 Converting C-terminal residue name to PDB format: CTYR -> TYR
> saveamberparm mol 1bcu_solv.prmtop 1bcu_solv.inpcrd
Checking Unit.

/data/home/bjwang/software/amber18/bin/teLeap: Warning!
There is a bond of 9.439659 angstroms between: 

/data/home/bjwang/software/amber18/bin/teLeap: Note.
Ignoring the warning from Unit Checking.

Building topology.
Building atom parameters.
Building bond parameters.
Building angle parameters.
Building proper torsion parameters.
Building improper torsion parameters.
 ** Warning: No sp2 improper torsion term for  C*-CN-CB-CA
        atoms are: CG CE2 CD2 CE3
 ** Warning: No sp2 improper torsion term for  NA-CA-CN-CB
        atoms are: NE1 CZ2 CE2 CD2
 ** Warning: No sp2 improper torsion term for  C*-CN-CB-CA
        atoms are: CG CE2 CD2 CE3
 ** Warning: No sp2 improper torsion term for  NA-CA-CN-CB
        atoms are: NE1 CZ2 CE2 CD2
 ** Warning: No sp2 improper torsion term for  C*-CN-CB-CA
        atoms are: CG CE2 CD2 CE3
 ** Warning: No sp2 improper torsion term for  NA-CA-CN-CB
        atoms are: NE1 CZ2 CE2 CD2
 ** Warning: No sp2 improper torsion term for  C*-CN-CB-CA
        atoms are: CG CE2 CD2 CE3
 ** Warning: No sp2 improper torsion term for  NA-CA-CN-CB
        atoms are: NE1 CZ2 CE2 CD2
 ** Warning: No sp2 improper torsion term for  C*-CN-CB-CA
        atoms are: CG CE2 CD2 CE3
 ** Warning: No sp2 improper torsion term for  NA-CA-CN-CB
        atoms are: NE1 CZ2 CE2 CD2
 ** Warning: No sp2 improper torsion term for  C*-CN-CB-CA
        atoms are: CG CE2 CD2 CE3
 ** Warning: No sp2 improper torsion term for  NA-CA-CN-CB
        atoms are: NE1 CZ2 CE2 CD2
 ** Warning: No sp2 improper torsion term for  C*-CN-CB-CA
        atoms are: CG CE2 CD2 CE3
 ** Warning: No sp2 improper torsion term for  NA-CA-CN-CB
        atoms are: NE1 CZ2 CE2 CD2
 ** Warning: No sp2 improper torsion term for  C*-CN-CB-CA
        atoms are: CG CE2 CD2 CE3
 ** Warning: No sp2 improper torsion term for  NA-CA-CN-CB
        atoms are: NE1 CZ2 CE2 CD2
 total 918 improper torsions applied
Building H-Bond parameters.
Incorporating Non-Bonded adjustments.
Not Marking per-residue atom chain types.
Marking per-residue atom chain types.
  (Residues lacking connect0/connect1 - 
   these don't have chain types marked:

	res	total affected

	CPHE	1
	CTYR	1
	NALA	1
	NILE	1
	PRL	1
	WAT	11446
  )
 (no restraints)
> 
> quit
	Quit

Exiting LEaP: Errors = 0; Warnings = 13; Notes = 3.
